<?xml version="1.0" encoding="UTF-8"?>
<testng-results skipped="0" failed="1" ignored="0" total="6" passed="5">
  <reporter-output>
  </reporter-output>
  <suite name="Suite1" duration-ms="39044" started-at="2019-08-06T11:34:40Z" finished-at="2019-08-06T11:35:19Z">
    <groups>
    </groups>
    <test name="Color Explorer Firefox Tests" duration-ms="39044" started-at="2019-08-06T11:34:40Z" finished-at="2019-08-06T11:35:19Z">
      <class name="colorExplorerAutomation.testcases.TitlesTest">
        <test-method status="PASS" signature="setupSuite()[pri:0, instance:colorExplorerAutomation.testcases.TitlesTest@5c7fa833]" name="setupSuite" is-config="true" duration-ms="258" started-at="2019-08-06T16:34:39Z" finished-at="2019-08-06T16:34:40Z">
          <reporter-output>
          </reporter-output>
        </test-method> <!-- setupSuite -->
        <test-method status="PASS" signature="setup()[pri:0, instance:colorExplorerAutomation.testcases.TitlesTest@5c7fa833]" name="setup" is-config="true" duration-ms="31590" started-at="2019-08-06T16:34:40Z" finished-at="2019-08-06T16:35:11Z">
          <reporter-output>
          </reporter-output>
        </test-method> <!-- setup -->
        <test-method status="PASS" signature="TestHomePageTitle()[pri:1, instance:colorExplorerAutomation.testcases.TitlesTest@5c7fa833]" name="TestHomePageTitle" duration-ms="31" started-at="2019-08-06T16:35:11Z" finished-at="2019-08-06T16:35:11Z">
          <reporter-output>
          </reporter-output>
        </test-method> <!-- TestHomePageTitle -->
        <test-method status="PASS" signature="tearDownMethod()[pri:0, instance:colorExplorerAutomation.testcases.TitlesTest@5c7fa833]" name="tearDownMethod" is-config="true" duration-ms="435" started-at="2019-08-06T16:35:11Z" finished-at="2019-08-06T16:35:12Z">
          <reporter-output>
          </reporter-output>
        </test-method> <!-- tearDownMethod -->
        <test-method status="PASS" signature="TestValidatorPageTitle()[pri:2, instance:colorExplorerAutomation.testcases.TitlesTest@5c7fa833]" name="TestValidatorPageTitle" duration-ms="1410" started-at="2019-08-06T16:35:12Z" finished-at="2019-08-06T16:35:13Z">
          <reporter-output>
          </reporter-output>
        </test-method> <!-- TestValidatorPageTitle -->
        <test-method status="PASS" signature="tearDownMethod()[pri:0, instance:colorExplorerAutomation.testcases.TitlesTest@5c7fa833]" name="tearDownMethod" is-config="true" duration-ms="69" started-at="2019-08-06T16:35:13Z" finished-at="2019-08-06T16:35:13Z">
          <reporter-output>
          </reporter-output>
        </test-method> <!-- tearDownMethod -->
        <test-method status="PASS" signature="TestBlocksPageTitle()[pri:3, instance:colorExplorerAutomation.testcases.TitlesTest@5c7fa833]" name="TestBlocksPageTitle" duration-ms="1306" started-at="2019-08-06T16:35:13Z" finished-at="2019-08-06T16:35:14Z">
          <reporter-output>
          </reporter-output>
        </test-method> <!-- TestBlocksPageTitle -->
        <test-method status="PASS" signature="tearDownMethod()[pri:0, instance:colorExplorerAutomation.testcases.TitlesTest@5c7fa833]" name="tearDownMethod" is-config="true" duration-ms="71" started-at="2019-08-06T16:35:14Z" finished-at="2019-08-06T16:35:14Z">
          <reporter-output>
          </reporter-output>
        </test-method> <!-- tearDownMethod -->
        <test-method status="PASS" signature="TestTransactionsPageTitle()[pri:4, instance:colorExplorerAutomation.testcases.TitlesTest@5c7fa833]" name="TestTransactionsPageTitle" duration-ms="1303" started-at="2019-08-06T16:35:14Z" finished-at="2019-08-06T16:35:16Z">
          <reporter-output>
          </reporter-output>
        </test-method> <!-- TestTransactionsPageTitle -->
        <test-method status="PASS" signature="tearDownMethod()[pri:0, instance:colorExplorerAutomation.testcases.TitlesTest@5c7fa833]" name="tearDownMethod" is-config="true" duration-ms="87" started-at="2019-08-06T16:35:16Z" finished-at="2019-08-06T16:35:16Z">
          <reporter-output>
          </reporter-output>
        </test-method> <!-- tearDownMethod -->
        <test-method status="PASS" signature="TestProposalsPageTitle()[pri:5, instance:colorExplorerAutomation.testcases.TitlesTest@5c7fa833]" name="TestProposalsPageTitle" duration-ms="1284" started-at="2019-08-06T16:35:16Z" finished-at="2019-08-06T16:35:17Z">
          <reporter-output>
          </reporter-output>
        </test-method> <!-- TestProposalsPageTitle -->
        <test-method status="PASS" signature="tearDownMethod()[pri:0, instance:colorExplorerAutomation.testcases.TitlesTest@5c7fa833]" name="tearDownMethod" is-config="true" duration-ms="67" started-at="2019-08-06T16:35:17Z" finished-at="2019-08-06T16:35:17Z">
          <reporter-output>
          </reporter-output>
        </test-method> <!-- tearDownMethod -->
        <test-method status="FAIL" signature="TestVotingPowerPageTitle()[pri:6, instance:colorExplorerAutomation.testcases.TitlesTest@5c7fa833]" name="TestVotingPowerPageTitle" duration-ms="1294" started-at="2019-08-06T16:35:17Z" finished-at="2019-08-06T16:35:19Z">
          <exception class="java.lang.AssertionError">
            <message>
              <![CDATA[expected [Voting Poer Distribution on Color Explorer | Color] but found [Voting Power Distribution on Color Explorer | Color]]]>
            </message>
            <full-stacktrace>
              <![CDATA[java.lang.AssertionError: expected [Voting Poer Distribution on Color Explorer | Color] but found [Voting Power Distribution on Color Explorer | Color]
	at org.testng.Assert.fail(Assert.java:94)
	at org.testng.Assert.failNotEquals(Assert.java:513)
	at org.testng.Assert.assertEqualsImpl(Assert.java:135)
	at org.testng.Assert.assertEquals(Assert.java:116)
	at org.testng.Assert.assertEquals(Assert.java:190)
	at org.testng.Assert.assertEquals(Assert.java:200)
	at colorExplorerAutomation.testcases.TitlesTest.TestVotingPowerPageTitle(TitlesTest.java:93)
	at sun.reflect.NativeMethodAccessorImpl.invoke0(Native Method)
	at sun.reflect.NativeMethodAccessorImpl.invoke(NativeMethodAccessorImpl.java:62)
	at sun.reflect.DelegatingMethodAccessorImpl.invoke(DelegatingMethodAccessorImpl.java:43)
	at java.lang.reflect.Method.invoke(Method.java:498)
	at org.testng.internal.MethodInvocationHelper.invokeMethod(MethodInvocationHelper.java:104)
	at org.testng.internal.Invoker.invokeMethod(Invoker.java:645)
	at org.testng.internal.Invoker.invokeTestMethod(Invoker.java:851)
	at org.testng.internal.Invoker.invokeTestMethods(Invoker.java:1177)
	at org.testng.internal.TestMethodWorker.invokeTestMethods(TestMethodWorker.java:129)
	at org.testng.internal.TestMethodWorker.run(TestMethodWorker.java:112)
	at org.testng.TestRunner.privateRun(TestRunner.java:756)
	at org.testng.TestRunner.run(TestRunner.java:610)
	at org.testng.SuiteRunner.runTest(SuiteRunner.java:387)
	at org.testng.SuiteRunner.runSequentially(SuiteRunner.java:382)
	at org.testng.SuiteRunner.privateRun(SuiteRunner.java:340)
	at org.testng.SuiteRunner.run(SuiteRunner.java:289)
	at org.testng.SuiteRunnerWorker.runSuite(SuiteRunnerWorker.java:52)
	at org.testng.SuiteRunnerWorker.run(SuiteRunnerWorker.java:86)
	at org.testng.TestNG.runSuitesSequentially(TestNG.java:1293)
	at org.testng.TestNG.runSuitesLocally(TestNG.java:1218)
	at org.testng.TestNG.runSuites(TestNG.java:1133)
	at org.testng.TestNG.run(TestNG.java:1104)
	at org.testng.remote.AbstractRemoteTestNG.run(AbstractRemoteTestNG.java:126)
	at org.testng.remote.RemoteTestNG.initAndRun(RemoteTestNG.java:152)
	at org.testng.remote.RemoteTestNG.main(RemoteTestNG.java:57)
]]>
            </full-stacktrace>
          </exception> <!-- java.lang.AssertionError -->
          <reporter-output>
          </reporter-output>
        </test-method> <!-- TestVotingPowerPageTitle -->
        <test-method status="PASS" signature="tearDownMethod()[pri:0, instance:colorExplorerAutomation.testcases.TitlesTest@5c7fa833]" name="tearDownMethod" is-config="true" duration-ms="58" started-at="2019-08-06T16:35:19Z" finished-at="2019-08-06T16:35:19Z">
          <reporter-output>
          </reporter-output>
        </test-method> <!-- tearDownMethod -->
        <test-method status="PASS" signature="tearDown()[pri:0, instance:colorExplorerAutomation.testcases.TitlesTest@5c7fa833]" name="tearDown" is-config="true" duration-ms="4229" started-at="2019-08-06T16:35:19Z" finished-at="2019-08-06T16:35:23Z">
          <reporter-output>
          </reporter-output>
        </test-method> <!-- tearDown -->
      </class> <!-- colorExplorerAutomation.testcases.TitlesTest -->
    </test> <!-- Color Explorer Firefox Tests -->
  </suite> <!-- Suite1 -->
</testng-results>
